uView/app/build/intermediates/manifest_merge_blame_file/debug/processDebugMainManifest/manifest-merger-blame-debug-report.txt
1<?xml version="1.0" encoding="utf-8"?>
2<manifest xmlns:android="http://schemas.android.com/apk/res/android"
3    package="com.sentinel.app.debug"
4    android:versionCode="1"
5    android:versionName="1.0.0" >
6
7    <uses-sdk
8        android:minSdkVersion="26"
9        android:targetSdkVersion="35" />
10
11    <!--
12         ─────────────────────────────────────────
13         Network — required for all camera streams
14         ─────────────────────────────────────────
15    -->
16    <uses-permission android:name="android.permission.INTERNET" />
16-->src\main\AndroidManifest.xml:8:5-67
16-->src\main\AndroidManifest.xml:8:22-64
17    <uses-permission android:name="android.permission.ACCESS_NETWORK_STATE" />
17-->src\main\AndroidManifest.xml:9:5-79
17-->src\main\AndroidManifest.xml:9:22-76
18    <uses-permission android:name="android.permission.ACCESS_WIFI_STATE" />
18-->src\main\AndroidManifest.xml:10:5-76
18-->src\main\AndroidManifest.xml:10:22-73
19    <uses-permission android:name="android.permission.CHANGE_WIFI_MULTICAST_STATE" />
19-->src\main\AndroidManifest.xml:11:5-86
19-->src\main\AndroidManifest.xml:11:22-83
20
21    <!--
22         ─────────────────────────────────────────
23         Notifications — for motion/connection alerts
24         ─────────────────────────────────────────
25    -->
26    <uses-permission android:name="android.permission.POST_NOTIFICATIONS" />
26-->src\main\AndroidManifest.xml:16:5-77
26-->src\main\AndroidManifest.xml:16:22-74
27
28    <!--
29         ─────────────────────────────────────────
30         Storage — future: local recordings / snapshots
31         ─────────────────────────────────────────
32    -->
33    <uses-permission android:name="android.permission.READ_MEDIA_VIDEO" />
33-->src\main\AndroidManifest.xml:21:5-22:32
33-->src\main\AndroidManifest.xml:21:22-72
34    <uses-permission
34-->src\main\AndroidManifest.xml:23:5-24:38
35        android:name="android.permission.READ_EXTERNAL_STORAGE"
35-->src\main\AndroidManifest.xml:23:22-77
36        android:maxSdkVersion="32" />
36-->src\main\AndroidManifest.xml:24:9-35
37    <uses-permission
37-->src\main\AndroidManifest.xml:25:5-26:38
38        android:name="android.permission.WRITE_EXTERNAL_STORAGE"
38-->src\main\AndroidManifest.xml:25:22-78
39        android:maxSdkVersion="29" />
39-->src\main\AndroidManifest.xml:26:9-35
40
41    <!--
42         ─────────────────────────────────────────
43         Foreground service — future: persistent monitoring
44         ─────────────────────────────────────────
45    -->
46    <uses-permission android:name="android.permission.FOREGROUND_SERVICE" />
46-->src\main\AndroidManifest.xml:31:5-77
46-->src\main\AndroidManifest.xml:31:22-74
47    <uses-permission android:name="android.permission.FOREGROUND_SERVICE_MEDIA_PLAYBACK" />
47-->src\main\AndroidManifest.xml:32:5-92
47-->src\main\AndroidManifest.xml:32:22-89
48
49    <!--
50         ─────────────────────────────────────────
51         Phase 6: Boot receiver + data saver awareness
52         ─────────────────────────────────────────
53    -->
54    <uses-permission android:name="android.permission.RECEIVE_BOOT_COMPLETED" />
54-->src\main\AndroidManifest.xml:37:5-81
54-->src\main\AndroidManifest.xml:37:22-78
55    <uses-permission android:name="android.permission.FOREGROUND_SERVICE_DATA_SYNC" />
55-->src\main\AndroidManifest.xml:38:5-87
55-->src\main\AndroidManifest.xml:38:22-84
56
57    <!-- Wake lock for background stream monitoring -->
58    <uses-permission android:name="android.permission.WAKE_LOCK" />
58-->src\main\AndroidManifest.xml:41:5-68
58-->src\main\AndroidManifest.xml:41:22-65
59
60    <permission
60-->[androidx.core:core:1.13.1] AndroidManifest.xml:22:5-24:47
61        android:name="com.sentinel.app.debug.DYNAMIC_RECEIVER_NOT_EXPORTED_PERMISSION"
61-->[androidx.core:core:1.13.1] AndroidManifest.xml:23:9-81
62        android:protectionLevel="signature" />
62-->[androidx.core:core:1.13.1] AndroidManifest.xml:24:9-44
63
64    <uses-permission android:name="com.sentinel.app.debug.DYNAMIC_RECEIVER_NOT_EXPORTED_PERMISSION" />
64-->[androidx.core:core:1.13.1] AndroidManifest.xml:26:5-97
64-->[androidx.core:core:1.13.1] AndroidManifest.xml:26:22-94
65
66    <application
66-->src\main\AndroidManifest.xml:43:5-102:19
67        android:name="com.sentinel.app.SentinelApplication"
67-->src\main\AndroidManifest.xml:44:9-44
68        android:allowBackup="false"
68-->src\main\AndroidManifest.xml:45:9-36
69        android:appComponentFactory="androidx.core.app.CoreComponentFactory"
69-->[androidx.core:core:1.13.1] AndroidManifest.xml:28:18-86
70        android:dataExtractionRules="@xml/data_extraction_rules"
70-->src\main\AndroidManifest.xml:46:9-65
71        android:debuggable="true"
72        android:extractNativeLibs="false"
73        android:fullBackupContent="@xml/backup_rules"
73-->src\main\AndroidManifest.xml:47:9-54
74        android:hardwareAccelerated="true"
74-->src\main\AndroidManifest.xml:53:9-43
75        android:icon="@mipmap/ic_launcher"
75-->src\main\AndroidManifest.xml:48:9-43
76        android:label="@string/app_name"
76-->src\main\AndroidManifest.xml:49:9-41
77        android:roundIcon="@mipmap/ic_launcher_round"
77-->src\main\AndroidManifest.xml:50:9-54
78        android:supportsRtl="true"
78-->src\main\AndroidManifest.xml:51:9-35
79        android:theme="@style/Theme.SentinelHome" >
79-->src\main\AndroidManifest.xml:52:9-50
80        <activity
80-->src\main\AndroidManifest.xml:56:9-67:20
81            android:name="com.sentinel.app.MainActivity"
81-->src\main\AndroidManifest.xml:57:13-41
82            android:exported="true"
82-->src\main\AndroidManifest.xml:58:13-36
83            android:launchMode="singleTop"
83-->src\main\AndroidManifest.xml:59:13-43
84            android:screenOrientation="portrait"
84-->src\main\AndroidManifest.xml:60:13-49
85            android:theme="@style/Theme.SentinelHome"
85-->src\main\AndroidManifest.xml:62:13-54
86            android:windowSoftInputMode="adjustResize" >
86-->src\main\AndroidManifest.xml:61:13-55
87            <intent-filter>
87-->src\main\AndroidManifest.xml:63:13-66:29
88                <action android:name="android.intent.action.MAIN" />
88-->src\main\AndroidManifest.xml:64:17-69
88-->src\main\AndroidManifest.xml:64:25-66
89
90                <category android:name="android.intent.category.LAUNCHER" />
90-->src\main\AndroidManifest.xml:65:17-77
90-->src\main\AndroidManifest.xml:65:27-74
91            </intent-filter>
92        </activity>
93
94        <!-- ── Phase 6: Foreground monitoring service ──────────────────── -->
95        <service
95-->src\main\AndroidManifest.xml:70:9-74:44
96            android:name="com.sentinel.app.core.service.CameraMonitorService"
96-->src\main\AndroidManifest.xml:71:13-62
97            android:exported="false"
97-->src\main\AndroidManifest.xml:73:13-37
98            android:foregroundServiceType="dataSync"
98-->src\main\AndroidManifest.xml:72:13-53
99            android:stopWithTask="false" />
99-->src\main\AndroidManifest.xml:74:13-41
100
101        <provider
102            android:name="androidx.core.content.FileProvider"
102-->src\main\AndroidManifest.xml:77:13-62
103            android:authorities="com.sentinel.app.debug.fileprovider"
103-->src\main\AndroidManifest.xml:78:13-64
104            android:exported="false"
104-->src\main\AndroidManifest.xml:79:13-37
105            android:grantUriPermissions="true" >
105-->src\main\AndroidManifest.xml:80:13-47
106            <meta-data
106-->src\main\AndroidManifest.xml:81:13-83:54
107                android:name="android.support.FILE_PROVIDER_PATHS"
107-->src\main\AndroidManifest.xml:82:17-67
108                android:resource="@xml/file_paths" />
108-->src\main\AndroidManifest.xml:83:17-51
109        </provider>
110
111        <!-- ── Phase 6: Boot receiver — restarts monitoring after reboot ── -->
112        <receiver
112-->src\main\AndroidManifest.xml:87:9-96:20
113            android:name="com.sentinel.app.core.receiver.BootReceiver"
113-->src\main\AndroidManifest.xml:88:13-55
114            android:enabled="true"
114-->src\main\AndroidManifest.xml:90:13-35
115            android:exported="true" >
115-->src\main\AndroidManifest.xml:89:13-36
116            <intent-filter android:priority="1000" >
116-->src\main\AndroidManifest.xml:91:13-95:29
116-->src\main\AndroidManifest.xml:91:28-51
117                <action android:name="android.intent.action.BOOT_COMPLETED" />
117-->src\main\AndroidManifest.xml:92:17-79
117-->src\main\AndroidManifest.xml:92:25-76
118                <action android:name="android.intent.action.QUICKBOOT_POWERON" />
118-->src\main\AndroidManifest.xml:93:17-82
118-->src\main\AndroidManifest.xml:93:25-79
119
120                <category android:name="android.intent.category.DEFAULT" />
120-->src\main\AndroidManifest.xml:94:17-76
120-->src\main\AndroidManifest.xml:94:27-73
121            </intent-filter>
122        </receiver>
123
124        <!-- ── Phase 6: Network state receiver (registered dynamically) ── -->
125        <!--
126             NetworkStateReceiver is registered/unregistered in MainActivity
127             to avoid unnecessary wakeups. Listed here for documentation.
128        -->
129
130        <provider
130-->[androidx.emoji2:emoji2:1.3.0] AndroidManifest.xml:24:9-32:20
131            android:name="androidx.startup.InitializationProvider"
131-->[androidx.emoji2:emoji2:1.3.0] AndroidManifest.xml:25:13-67
132            android:authorities="com.sentinel.app.debug.androidx-startup"
132-->[androidx.emoji2:emoji2:1.3.0] AndroidManifest.xml:26:13-68
133            android:exported="false" >
133-->[androidx.emoji2:emoji2:1.3.0] AndroidManifest.xml:27:13-37
134            <meta-data
134-->[androidx.emoji2:emoji2:1.3.0] AndroidManifest.xml:29:13-31:52
135                android:name="androidx.emoji2.text.EmojiCompatInitializer"
135-->[androidx.emoji2:emoji2:1.3.0] AndroidManifest.xml:30:17-75
136                android:value="androidx.startup" />
136-->[androidx.emoji2:emoji2:1.3.0] AndroidManifest.xml:31:17-49
137            <meta-data
137-->[androidx.lifecycle:lifecycle-process:2.8.2] AndroidManifest.xml:29:13-31:52
138                android:name="androidx.lifecycle.ProcessLifecycleInitializer"
138-->[androidx.lifecycle:lifecycle-process:2.8.2] AndroidManifest.xml:30:17-78
139                android:value="androidx.startup" />
139-->[androidx.lifecycle:lifecycle-process:2.8.2] AndroidManifest.xml:31:17-49
140            <meta-data
140-->[androidx.profileinstaller:profileinstaller:1.3.1] AndroidManifest.xml:29:13-31:52
141                android:name="androidx.profileinstaller.ProfileInstallerInitializer"
141-->[androidx.profileinstaller:profileinstaller:1.3.1] AndroidManifest.xml:30:17-85
142                android:value="androidx.startup" />
142-->[androidx.profileinstaller:profileinstaller:1.3.1] AndroidManifest.xml:31:17-49
143        </provider>
144
145        <activity
145-->[androidx.compose.ui:ui-test-manifest:1.6.8] AndroidManifest.xml:23:9-25:39
146            android:name="androidx.activity.ComponentActivity"
146-->[androidx.compose.ui:ui-test-manifest:1.6.8] AndroidManifest.xml:24:13-63
147            android:exported="true" />
147-->[androidx.compose.ui:ui-test-manifest:1.6.8] AndroidManifest.xml:25:13-36
148        <activity
148-->[androidx.compose.ui:ui-tooling-android:1.6.8] AndroidManifest.xml:23:9-25:39
149            android:name="androidx.compose.ui.tooling.PreviewActivity"
149-->[androidx.compose.ui:ui-tooling-android:1.6.8] AndroidManifest.xml:24:13-71
150            android:exported="true" />
150-->[androidx.compose.ui:ui-tooling-android:1.6.8] AndroidManifest.xml:25:13-36
151
152        <service
152-->[androidx.room:room-runtime:2.6.1] AndroidManifest.xml:24:9-28:63
153            android:name="androidx.room.MultiInstanceInvalidationService"
153-->[androidx.room:room-runtime:2.6.1] AndroidManifest.xml:25:13-74
154            android:directBootAware="true"
154-->[androidx.room:room-runtime:2.6.1] AndroidManifest.xml:26:13-43
155            android:exported="false" />
155-->[androidx.room:room-runtime:2.6.1] AndroidManifest.xml:27:13-37
156
157        <receiver
157-->[androidx.profileinstaller:profileinstaller:1.3.1] AndroidManifest.xml:34:9-52:20
158            android:name="androidx.profileinstaller.ProfileInstallReceiver"
158-->[androidx.profileinstaller:profileinstaller:1.3.1] AndroidManifest.xml:35:13-76
159            android:directBootAware="false"
159-->[androidx.profileinstaller:profileinstaller:1.3.1] AndroidManifest.xml:36:13-44
160            android:enabled="true"
160-->[androidx.profileinstaller:profileinstaller:1.3.1] AndroidManifest.xml:37:13-35
161            android:exported="true"
161-->[androidx.profileinstaller:profileinstaller:1.3.1] AndroidManifest.xml:38:13-36
162            android:permission="android.permission.DUMP" >
162-->[androidx.profileinstaller:profileinstaller:1.3.1] AndroidManifest.xml:39:13-57
163            <intent-filter>
163-->[androidx.profileinstaller:profileinstaller:1.3.1] AndroidManifest.xml:40:13-42:29
164                <action android:name="androidx.profileinstaller.action.INSTALL_PROFILE" />
164-->[androidx.profileinstaller:profileinstaller:1.3.1] AndroidManifest.xml:41:17-91
164-->[androidx.profileinstaller:profileinstaller:1.3.1] AndroidManifest.xml:41:25-88
165            </intent-filter>
166            <intent-filter>
166-->[androidx.profileinstaller:profileinstaller:1.3.1] AndroidManifest.xml:43:13-45:29
167                <action android:name="androidx.profileinstaller.action.SKIP_FILE" />
167-->[androidx.profileinstaller:profileinstaller:1.3.1] AndroidManifest.xml:44:17-85
167-->[androidx.profileinstaller:profileinstaller:1.3.1] AndroidManifest.xml:44:25-82
168            </intent-filter>
169            <intent-filter>
169-->[androidx.profileinstaller:profileinstaller:1.3.1] AndroidManifest.xml:46:13-48:29
170                <action android:name="androidx.profileinstaller.action.SAVE_PROFILE" />
170-->[androidx.profileinstaller:profileinstaller:1.3.1] AndroidManifest.xml:47:17-88
170-->[androidx.profileinstaller:profileinstaller:1.3.1] AndroidManifest.xml:47:25-85
171            </intent-filter>
172            <intent-filter>
172-->[androidx.profileinstaller:profileinstaller:1.3.1] AndroidManifest.xml:49:13-51:29
173                <action android:name="androidx.profileinstaller.action.BENCHMARK_OPERATION" />
173-->[androidx.profileinstaller:profileinstaller:1.3.1] AndroidManifest.xml:50:17-95
173-->[androidx.profileinstaller:profileinstaller:1.3.1] AndroidManifest.xml:50:25-92
174            </intent-filter>
175        </receiver>
176    </application>
177
178</manifest>